Using pre-set license
Built from '2020.2/release' branch; Version is '2020.2.1f1 (270dd8c3da1c) revision 2559448'; Using compiler version '192528614'; Build Type 'Release'
OS: 'Windows 10  (10.0.0) 64bit' Language: 'en' Physical Memory: 8127 MB
BatchMode: 1, IsHumanControllingUs: 0, StartBugReporterOnCrash: 0, Is64bit: 1, IsPro: 0

 COMMAND LINE ARGUMENTS:
C:\Program Files\Unity\Hub\Editor\2020.2.1f1\Editor\Unity.exe
-adb2
-batchMode
-noUpm
-name
AssetImportWorker0
-projectPath
C:/Users/lays3/Desktop/302/302-2021-MathDemos/AnimDemos
-logFile
Logs/AssetImportWorker0.log
-srvPort
55248
Successfully changed project path to: C:/Users/lays3/Desktop/302/302-2021-MathDemos/AnimDemos
C:/Users/lays3/Desktop/302/302-2021-MathDemos/AnimDemos
Using Asset Import Pipeline V2.
Refreshing native plugins compatible for Editor in 30.79 ms, found 0 plugins.
Preloading 0 native plugins for Editor in 0.00 ms.
Initialize engine version: 2020.2.1f1 (270dd8c3da1c)
[Subsystems] Discovering subsystems at path C:/Program Files/Unity/Hub/Editor/2020.2.1f1/Editor/Data/Resources/UnitySubsystems
[Subsystems] Discovering subsystems at path C:/Users/lays3/Desktop/302/302-2021-MathDemos/AnimDemos/Assets
GfxDevice: creating device client; threaded=0
Direct3D:
    Version:  Direct3D 11.0 [level 11.1]
    Renderer: NVIDIA GeForce GTX 1060 3GB (ID=0x1c02)
    Vendor:   
    VRAM:     2988 MB
    Driver:   27.21.14.5671
Initialize mono
Mono path[0] = 'C:/Program Files/Unity/Hub/Editor/2020.2.1f1/Editor/Data/Managed'
Mono path[1] = 'C:/Program Files/Unity/Hub/Editor/2020.2.1f1/Editor/Data/MonoBleedingEdge/lib/mono/unityjit'
Mono config path = 'C:/Program Files/Unity/Hub/Editor/2020.2.1f1/Editor/Data/MonoBleedingEdge/etc'
Using monoOptions --debugger-agent=transport=dt_socket,embedding=1,server=y,suspend=n,address=127.0.0.1:56924
Begin MonoManager ReloadAssembly
Registering precompiled unity dll's ...
Register platform support module: C:/Program Files/Unity/Hub/Editor/2020.2.1f1/Editor/Data/PlaybackEngines/WindowsStandaloneSupport/UnityEditor.WindowsStandalone.Extensions.dll
Registered in 0.001884 seconds.
Native extension for WindowsStandalone target not found
Refreshing native plugins compatible for Editor in 28.93 ms, found 0 plugins.
Preloading 0 native plugins for Editor in 0.00 ms.
Invoked RoslynAnalysisRunner static constructor.
RoslynAnalysisRunner will not be running.
RoslynAnalysisRunner has terminated.
Mono: successfully reloaded assembly
- Completed reload, in  1.350 seconds
Platform modules already initialized, skipping
Registering precompiled user dll's ...
Registered in 0.000723 seconds.
Begin MonoManager ReloadAssembly
Native extension for WindowsStandalone target not found
Refreshing native plugins compatible for Editor in 0.23 ms, found 0 plugins.
Preloading 0 native plugins for Editor in 0.00 ms.
Invoked RoslynAnalysisRunner static constructor.
RoslynAnalysisRunner will not be running.
RoslynAnalysisRunner has terminated.
Mono: successfully reloaded assembly
- Completed reload, in  1.047 seconds
Platform modules already initialized, skipping
========================================================================
Worker process is ready to serve import requests
Launched and connected shader compiler UnityShaderCompiler.exe after 0.05 seconds
Refreshing native plugins compatible for Editor in 0.26 ms, found 0 plugins.
Preloading 0 native plugins for Editor in 0.00 ms.
Unloading 1096 Unused Serialized files (Serialized files now loaded: 0)
System memory in use before: 56.5 MB.
System memory in use after: 56.5 MB.

Unloading 9 unused Assets to reduce memory usage. Loaded Objects now: 1538.
Total: 2.936900 ms (FindLiveObjects: 1.308500 ms CreateObjectMapping: 0.083100 ms MarkObjects: 1.492300 ms  DeleteObjects: 0.051900 ms)

========================================================================
Received Import Request.
  path: Assets/Scripts/LerpDemo.cs
  artifactKey: Guid(1375c84025e3a5340b1f5979b37c15da) Importer(815301076,1909f56bfc062723c751e8b465ee728b)
Start importing Assets/Scripts/LerpDemo.cs using Guid(1375c84025e3a5340b1f5979b37c15da) Importer(815301076,1909f56bfc062723c751e8b465ee728b)  -> (artifact id: '9e410f6b51be7bf1f8cdc5e2438006a4') in 0.310837 seconds
  Import took 0.312821 seconds .

========================================================================
Received Import Request.
  Time since last request: 378.488152 seconds.
  path: Assets/Scripts/LerpDemoEditor.cs
  artifactKey: Guid(f1a1e9559638a8949936f3452abfb245) Importer(815301076,1909f56bfc062723c751e8b465ee728b)
Start importing Assets/Scripts/LerpDemoEditor.cs using Guid(f1a1e9559638a8949936f3452abfb245) Importer(815301076,1909f56bfc062723c751e8b465ee728b)  -> (artifact id: '9ce020d3cadb1515bb53ce50fa6570e9') in 0.010478 seconds
  Import took 0.014142 seconds .

========================================================================
Received Import Request.
  Time since last request: 21.967935 seconds.
  path: Assets/Scripts/LerpDemo.cs
  artifactKey: Guid(1375c84025e3a5340b1f5979b37c15da) Importer(815301076,1909f56bfc062723c751e8b465ee728b)
Start importing Assets/Scripts/LerpDemo.cs using Guid(1375c84025e3a5340b1f5979b37c15da) Importer(815301076,1909f56bfc062723c751e8b465ee728b)  -> (artifact id: 'c01ddf7d6b6e884df8144d0fba84d6ec') in 0.009902 seconds
  Import took 0.034034 seconds .

========================================================================
Received Import Request.
  Time since last request: 0.077454 seconds.
  path: Assets/Scripts/LerpDemo.cs
  artifactKey: Guid(1375c84025e3a5340b1f5979b37c15da) Importer(815301076,1909f56bfc062723c751e8b465ee728b)
Start importing Assets/Scripts/LerpDemo.cs using Guid(1375c84025e3a5340b1f5979b37c15da) Importer(815301076,1909f56bfc062723c751e8b465ee728b)  -> (artifact id: 'c01ddf7d6b6e884df8144d0fba84d6ec') in 0.029048 seconds
  Import took 0.031901 seconds .

========================================================================
Received Prepare
Registering precompiled user dll's ...
Registered in 0.000943 seconds.
Begin MonoManager ReloadAssembly
Native extension for WindowsStandalone target not found
Refreshing native plugins compatible for Editor in 0.20 ms, found 0 plugins.
Preloading 0 native plugins for Editor in 0.00 ms.
Invoked RoslynAnalysisRunner static constructor.
RoslynAnalysisRunner will not be running.
RoslynAnalysisRunner has terminated.
Mono: successfully reloaded assembly
- Completed reload, in  1.037 seconds
Platform modules already initialized, skipping
Refreshing native plugins compatible for Editor in 0.22 ms, found 0 plugins.
Preloading 0 native plugins for Editor in 0.00 ms.
Unloading 1091 Unused Serialized files (Serialized files now loaded: 0)
System memory in use before: 56.5 MB.
System memory in use after: 56.6 MB.

Unloading 4 unused Assets to reduce memory usage. Loaded Objects now: 1541.
Total: 3.125600 ms (FindLiveObjects: 0.185300 ms CreateObjectMapping: 0.056500 ms MarkObjects: 2.852800 ms  DeleteObjects: 0.029600 ms)

========================================================================
Received Import Request.
  Time since last request: 1460.684031 seconds.
  path: Assets/Scripts/LerpDemoEditor.cs
  artifactKey: Guid(f1a1e9559638a8949936f3452abfb245) Importer(815301076,1909f56bfc062723c751e8b465ee728b)
Start importing Assets/Scripts/LerpDemoEditor.cs using Guid(f1a1e9559638a8949936f3452abfb245) Importer(815301076,1909f56bfc062723c751e8b465ee728b)  -> (artifact id: '02380e8e55b736de37f6fad82e6d4f48') in 0.014819 seconds
  Import took 0.017549 seconds .

