Using pre-set license
Built from '2020.2/release' branch; Version is '2020.2.1f1 (270dd8c3da1c) revision 2559448'; Using compiler version '192528614'; Build Type 'Release'
OS: 'Windows 10  (10.0.0) 64bit' Language: 'en' Physical Memory: 8127 MB
BatchMode: 1, IsHumanControllingUs: 0, StartBugReporterOnCrash: 0, Is64bit: 1, IsPro: 0

 COMMAND LINE ARGUMENTS:
C:\Program Files\Unity\Hub\Editor\2020.2.1f1\Editor\Unity.exe
-adb2
-batchMode
-noUpm
-name
AssetImportWorker1
-projectPath
C:/Users/lays3/Desktop/302/302-2021-MathDemos/AnimDemos
-logFile
Logs/AssetImportWorker1.log
-srvPort
61056
Successfully changed project path to: C:/Users/lays3/Desktop/302/302-2021-MathDemos/AnimDemos
C:/Users/lays3/Desktop/302/302-2021-MathDemos/AnimDemos
Using Asset Import Pipeline V2.
Refreshing native plugins compatible for Editor in 26.88 ms, found 0 plugins.
Preloading 0 native plugins for Editor in 0.00 ms.
Initialize engine version: 2020.2.1f1 (270dd8c3da1c)
[Subsystems] Discovering subsystems at path C:/Program Files/Unity/Hub/Editor/2020.2.1f1/Editor/Data/Resources/UnitySubsystems
[Subsystems] Discovering subsystems at path C:/Users/lays3/Desktop/302/302-2021-MathDemos/AnimDemos/Assets
GfxDevice: creating device client; threaded=0
Direct3D:
    Version:  Direct3D 11.0 [level 11.1]
    Renderer: NVIDIA GeForce GTX 1060 3GB (ID=0x1c02)
    Vendor:   
    VRAM:     2988 MB
    Driver:   27.21.14.5671
Initialize mono
Mono path[0] = 'C:/Program Files/Unity/Hub/Editor/2020.2.1f1/Editor/Data/Managed'
Mono path[1] = 'C:/Program Files/Unity/Hub/Editor/2020.2.1f1/Editor/Data/MonoBleedingEdge/lib/mono/unityjit'
Mono config path = 'C:/Program Files/Unity/Hub/Editor/2020.2.1f1/Editor/Data/MonoBleedingEdge/etc'
Using monoOptions --debugger-agent=transport=dt_socket,embedding=1,server=y,suspend=n,address=127.0.0.1:56460
Begin MonoManager ReloadAssembly
Registering precompiled unity dll's ...
Register platform support module: C:/Program Files/Unity/Hub/Editor/2020.2.1f1/Editor/Data/PlaybackEngines/WebGLSupport/UnityEditor.WebGL.Extensions.dll
Register platform support module: C:/Program Files/Unity/Hub/Editor/2020.2.1f1/Editor/Data/PlaybackEngines/WindowsStandaloneSupport/UnityEditor.WindowsStandalone.Extensions.dll
Registered in 0.002261 seconds.
Native extension for WindowsStandalone target not found
Native extension for WebGL target not found
Refreshing native plugins compatible for Editor in 26.45 ms, found 0 plugins.
Preloading 0 native plugins for Editor in 0.00 ms.
Invoked RoslynAnalysisRunner static constructor.
RoslynAnalysisRunner will not be running.
RoslynAnalysisRunner has terminated.
Mono: successfully reloaded assembly
- Completed reload, in  1.409 seconds
Platform modules already initialized, skipping
Registering precompiled user dll's ...
Registered in 0.001736 seconds.
Begin MonoManager ReloadAssembly
Native extension for WindowsStandalone target not found
Native extension for WebGL target not found
Refreshing native plugins compatible for Editor in 0.21 ms, found 0 plugins.
Preloading 0 native plugins for Editor in 0.00 ms.
Invoked RoslynAnalysisRunner static constructor.
RoslynAnalysisRunner will not be running.
RoslynAnalysisRunner has terminated.
Mono: successfully reloaded assembly
- Completed reload, in  1.607 seconds
Platform modules already initialized, skipping
========================================================================
Worker process is ready to serve import requests
Launched and connected shader compiler UnityShaderCompiler.exe after 0.18 seconds
Refreshing native plugins compatible for Editor in 0.49 ms, found 0 plugins.
Preloading 0 native plugins for Editor in 0.00 ms.
Unloading 1150 Unused Serialized files (Serialized files now loaded: 0)
System memory in use before: 59.9 MB.
System memory in use after: 60.0 MB.

Unloading 9 unused Assets to reduce memory usage. Loaded Objects now: 1595.
Total: 2.770200 ms (FindLiveObjects: 0.182500 ms CreateObjectMapping: 0.063900 ms MarkObjects: 2.442200 ms  DeleteObjects: 0.079300 ms)

========================================================================
Received Import Request.
  path: Assets/Scripts/OrbitCameraControl.cs
  artifactKey: Guid(a856fde71f608014783fe57e62fabeb3) Importer(815301076,1909f56bfc062723c751e8b465ee728b)
Start importing Assets/Scripts/OrbitCameraControl.cs using Guid(a856fde71f608014783fe57e62fabeb3) Importer(815301076,1909f56bfc062723c751e8b465ee728b)  -> (artifact id: 'db776aee12cd4b606ca9e3477fa9c004') in 0.067448 seconds
  Import took 0.074950 seconds .

========================================================================
Received Import Request.
  Time since last request: 7273.959769 seconds.
  path: Assets/Scripts/GUI Script/HudController.cs
  artifactKey: Guid(90ca8f33a02a1334a89b2af47b19e8bc) Importer(815301076,1909f56bfc062723c751e8b465ee728b)
Start importing Assets/Scripts/GUI Script/HudController.cs using Guid(90ca8f33a02a1334a89b2af47b19e8bc) Importer(815301076,1909f56bfc062723c751e8b465ee728b)  -> (artifact id: '5b1b7a8010fb3fad37c2686309b0c224') in 0.614744 seconds
  Import took 1.660791 seconds .

========================================================================
Received Import Request.
  Time since last request: 1473.641729 seconds.
  path: Assets/Scenes/MainMenu.unity
  artifactKey: Guid(c6200605cb2faa64f83ce0cf0434c92c) Importer(815301076,1909f56bfc062723c751e8b465ee728b)
Start importing Assets/Scenes/MainMenu.unity using Guid(c6200605cb2faa64f83ce0cf0434c92c) Importer(815301076,1909f56bfc062723c751e8b465ee728b)  -> (artifact id: '577cbb090ad6de13093e24c44735ad6b') in 1.319199 seconds
  Import took 1.336371 seconds .

========================================================================
Received Prepare
Registering precompiled user dll's ...
Registered in 0.003134 seconds.
Begin MonoManager ReloadAssembly
Native extension for WindowsStandalone target not found
Native extension for WebGL target not found
Refreshing native plugins compatible for Editor in 0.34 ms, found 0 plugins.
Preloading 0 native plugins for Editor in 0.00 ms.
Invoked RoslynAnalysisRunner static constructor.
RoslynAnalysisRunner will not be running.
RoslynAnalysisRunner has terminated.
Mono: successfully reloaded assembly
- Completed reload, in  2.246 seconds
Platform modules already initialized, skipping
Refreshing native plugins compatible for Editor in 0.27 ms, found 0 plugins.
Preloading 0 native plugins for Editor in 0.00 ms.
Unloading 1131 Unused Serialized files (Serialized files now loaded: 0)
System memory in use before: 59.1 MB.
System memory in use after: 59.2 MB.

Unloading 4 unused Assets to reduce memory usage. Loaded Objects now: 1597.
Total: 16.835500 ms (FindLiveObjects: 1.028400 ms CreateObjectMapping: 0.131400 ms MarkObjects: 15.625300 ms  DeleteObjects: 0.046700 ms)

========================================================================
Received Import Request.
  Time since last request: 5479.888559 seconds.
  path: Assets/Scenes/Scene1.unity
  artifactKey: Guid(0f8c35e476f3e7f4a88447aa05390426) Importer(815301076,1909f56bfc062723c751e8b465ee728b)
Start importing Assets/Scenes/Scene1.unity using Guid(0f8c35e476f3e7f4a88447aa05390426) Importer(815301076,1909f56bfc062723c751e8b465ee728b)  -> (artifact id: '34f7fa35ac1aa2667c9e0d32a7aeea70') in 0.165440 seconds
  Import took 0.233224 seconds .

========================================================================
Received Import Request.
  Time since last request: 0.090664 seconds.
  path: Assets/Scenes/Scene1.unity
  artifactKey: Guid(0f8c35e476f3e7f4a88447aa05390426) Importer(815301076,1909f56bfc062723c751e8b465ee728b)
Start importing Assets/Scenes/Scene1.unity using Guid(0f8c35e476f3e7f4a88447aa05390426) Importer(815301076,1909f56bfc062723c751e8b465ee728b)  -> (artifact id: '34f7fa35ac1aa2667c9e0d32a7aeea70') in 0.010863 seconds
  Import took 0.021580 seconds .

========================================================================
Received Import Request.
  Time since last request: 55.912435 seconds.
  path: Assets/Scripts/GenerateRingPath.cs
  artifactKey: Guid(fbdd8066fa1a2f74b824156a6a71b176) Importer(815301076,1909f56bfc062723c751e8b465ee728b)
Start importing Assets/Scripts/GenerateRingPath.cs using Guid(fbdd8066fa1a2f74b824156a6a71b176) Importer(815301076,1909f56bfc062723c751e8b465ee728b)  -> (artifact id: 'de339363a07469ef4d505cc968d9e92e') in 0.034637 seconds
  Import took 0.051340 seconds .

========================================================================
Received Import Request.
  Time since last request: 375.330582 seconds.
  path: Assets/Materials/matte.mat
  artifactKey: Guid(9cedd75eae82f4e4594af3772a9a89f1) Importer(815301076,1909f56bfc062723c751e8b465ee728b)
Start importing Assets/Materials/matte.mat using Guid(9cedd75eae82f4e4594af3772a9a89f1) Importer(815301076,1909f56bfc062723c751e8b465ee728b)  -> (artifact id: '3281e2c6a1c59bb14a0d496b0dd1c55f') in 1.586005 seconds
  Import took 1.621842 seconds .

AssetImportWorkerClient::OnTransportError - code=2 error=End of file
